# JRE version: Java(TM) SE Runtime Environment (8.0_231-b11) (build 1.8.0_231-b11)
# Java VM: Java HotSpot(TM) 64-Bit Server VM (25.231-b11 mixed mode windows-amd64 compressed oops)
Heap:
 PSYoungGen      total 137216K, used 5837K [0x00000000d7b00000, 0x00000000e1e00000, 0x0000000100000000)
  eden space 123904K, 1% used [0x00000000d7b00000,0x00000000d7c95c68,0x00000000df400000)
  from space 13312K, 31% used [0x00000000e1100000,0x00000000e151da18,0x00000000e1e00000)
  to   space 8192K, 0% used [0x00000000df400000,0x00000000df400000,0x00000000dfc00000)
 ParOldGen       total 51712K, used 20075K [0x0000000087000000, 0x000000008a280000, 0x00000000d7b00000)
  object space 51712K, 38% used [0x0000000087000000,0x000000008839af58,0x000000008a280000)
 Metaspace       used 35598K, capacity 37078K, committed 37336K, reserved 1081344K
  class space    used 4562K, capacity 4850K, committed 4864K, reserved 1048576K
GC Heap History (10 events):
Event: 6.671 GC heap before
{Heap before GC invocations=8 (full 1):
 PSYoungGen      total 109568K, used 109091K [0x00000000d7b00000, 0x00000000e0400000, 0x0000000100000000)
  eden space 102912K, 100% used [0x00000000d7b00000,0x00000000ddf80000,0x00000000ddf80000)
  from space 6656K, 92% used [0x00000000dfd80000,0x00000000e0388f90,0x00000000e0400000)
  to   space 8192K, 0% used [0x00000000df400000,0x00000000df400000,0x00000000dfc00000)
 ParOldGen       total 51712K, used 7482K [0x0000000087000000, 0x000000008a280000, 0x00000000d7b00000)
  object space 51712K, 14% used [0x0000000087000000,0x000000008774ea20,0x000000008a280000)
 Metaspace       used 28167K, capacity 29210K, committed 29440K, reserved 1075200K
  class space    used 3617K, capacity 3836K, committed 3840K, reserved 1048576K
Event: 6.684 GC heap after
Heap after GC invocations=8 (full 1):
 PSYoungGen      total 111104K, used 8171K [0x00000000d7b00000, 0x00000000e0400000, 0x0000000100000000)
  eden space 102912K, 0% used [0x00000000d7b00000,0x00000000d7b00000,0x00000000ddf80000)
  from space 8192K, 99% used [0x00000000df400000,0x00000000dfbfadc8,0x00000000dfc00000)
  to   space 6656K, 0% used [0x00000000dfd80000,0x00000000dfd80000,0x00000000e0400000)
 ParOldGen       total 51712K, used 9176K [0x0000000087000000, 0x000000008a280000, 0x00000000d7b00000)
  object space 51712K, 17% used [0x0000000087000000,0x00000000878f6210,0x000000008a280000)
 Metaspace       used 28167K, capacity 29210K, committed 29440K, reserved 1075200K
  class space    used 3617K, capacity 3836K, committed 3840K, reserved 1048576K
}
Event: 7.940 GC heap before
{Heap before GC invocations=9 (full 1):
 PSYoungGen      total 111104K, used 111083K [0x00000000d7b00000, 0x00000000e0400000, 0x0000000100000000)
  eden space 102912K, 100% used [0x00000000d7b00000,0x00000000ddf80000,0x00000000ddf80000)
  from space 8192K, 99% used [0x00000000df400000,0x00000000dfbfadc8,0x00000000dfc00000)
  to   space 6656K, 0% used [0x00000000dfd80000,0x00000000dfd80000,0x00000000e0400000)
 ParOldGen       total 51712K, used 9176K [0x0000000087000000, 0x000000008a280000, 0x00000000d7b00000)
  object space 51712K, 17% used [0x0000000087000000,0x00000000878f6210,0x000000008a280000)
 Metaspace       used 31375K, capacity 32844K, committed 33024K, reserved 1077248K
  class space    used 4039K, capacity 4349K, committed 4352K, reserved 1048576K
Event: 7.959 GC heap after
Heap after GC invocations=9 (full 1):
 PSYoungGen      total 109568K, used 6644K [0x00000000d7b00000, 0x00000000e0400000, 0x0000000100000000)
  eden space 102912K, 0% used [0x00000000d7b00000,0x00000000d7b00000,0x00000000ddf80000)
  from space 6656K, 99% used [0x00000000dfd80000,0x00000000e03fd020,0x00000000e0400000)
  to   space 8192K, 0% used [0x00000000df400000,0x00000000df400000,0x00000000dfc00000)
 ParOldGen       total 51712K, used 13861K [0x0000000087000000, 0x000000008a280000, 0x00000000d7b00000)
  object space 51712K, 26% used [0x0000000087000000,0x0000000087d895f0,0x000000008a280000)
 Metaspace       used 31375K, capacity 32844K, committed 33024K, reserved 1077248K
  class space    used 4039K, capacity 4349K, committed 4352K, reserved 1048576K
}
Event: 8.851 GC heap before
{Heap before GC invocations=10 (full 1):
 PSYoungGen      total 109568K, used 44103K [0x00000000d7b00000, 0x00000000e0400000, 0x0000000100000000)
  eden space 102912K, 36% used [0x00000000d7b00000,0x00000000d9f94c30,0x00000000ddf80000)
  from space 6656K, 99% used [0x00000000dfd80000,0x00000000e03fd020,0x00000000e0400000)
  to   space 8192K, 0% used [0x00000000df400000,0x00000000df400000,0x00000000dfc00000)
 ParOldGen       total 51712K, used 13861K [0x0000000087000000, 0x000000008a280000, 0x00000000d7b00000)
  object space 51712K, 26% used [0x0000000087000000,0x0000000087d895f0,0x000000008a280000)
 Metaspace       used 33836K, capacity 35284K, committed 35416K, reserved 1079296K
  class space    used 4356K, capacity 4643K, committed 4736K, reserved 1048576K
Event: 8.872 GC heap after
Heap after GC invocations=10 (full 1):
 PSYoungGen      total 132096K, used 8188K [0x00000000d7b00000, 0x00000000e1e00000, 0x0000000100000000)
  eden space 123904K, 0% used [0x00000000d7b00000,0x00000000d7b00000,0x00000000df400000)
  from space 8192K, 99% used [0x00000000df400000,0x00000000dfbff390,0x00000000dfc00000)
  to   space 13312K, 0% used [0x00000000e1100000,0x00000000e1100000,0x00000000e1e00000)
 ParOldGen       total 51712K, used 18307K [0x0000000087000000, 0x000000008a280000, 0x00000000d7b00000)
  object space 51712K, 35% used [0x0000000087000000,0x00000000881e0f28,0x000000008a280000)
 Metaspace       used 33836K, capacity 35284K, committed 35416K, reserved 1079296K
  class space    used 4356K, capacity 4643K, committed 4736K, reserved 1048576K
}
Event: 8.872 GC heap before
{Heap before GC invocations=11 (full 2):
 PSYoungGen      total 132096K, used 8188K [0x00000000d7b00000, 0x00000000e1e00000, 0x0000000100000000)
  eden space 123904K, 0% used [0x00000000d7b00000,0x00000000d7b00000,0x00000000df400000)
  from space 8192K, 99% used [0x00000000df400000,0x00000000dfbff390,0x00000000dfc00000)
  to   space 13312K, 0% used [0x00000000e1100000,0x00000000e1100000,0x00000000e1e00000)
 ParOldGen       total 51712K, used 18307K [0x0000000087000000, 0x000000008a280000, 0x00000000d7b00000)
  object space 51712K, 35% used [0x0000000087000000,0x00000000881e0f28,0x000000008a280000)
 Metaspace       used 33836K, capacity 35284K, committed 35416K, reserved 1079296K
  class space    used 4356K, capacity 4643K, committed 4736K, reserved 1048576K
Event: 8.990 GC heap after
Heap after GC invocations=11 (full 2):
 PSYoungGen      total 132096K, used 0K [0x00000000d7b00000, 0x00000000e1e00000, 0x0000000100000000)
  eden space 123904K, 0% used [0x00000000d7b00000,0x00000000d7b00000,0x00000000df400000)
  from space 8192K, 0% used [0x00000000df400000,0x00000000df400000,0x00000000dfc00000)
  to   space 13312K, 0% used [0x00000000e1100000,0x00000000e1100000,0x00000000e1e00000)
 ParOldGen       total 51712K, used 20067K [0x0000000087000000, 0x000000008a280000, 0x00000000d7b00000)
  object space 51712K, 38% used [0x0000000087000000,0x0000000088398f58,0x000000008a280000)
 Metaspace       used 33836K, capacity 35284K, committed 35416K, reserved 1079296K
  class space    used 4356K, capacity 4643K, committed 4736K, reserved 1048576K
}
Event: 10.086 GC heap before
{Heap before GC invocations=12 (full 2):
 PSYoungGen      total 132096K, used 123904K [0x00000000d7b00000, 0x00000000e1e00000, 0x0000000100000000)
  eden space 123904K, 100% used [0x00000000d7b00000,0x00000000df400000,0x00000000df400000)
  from space 8192K, 0% used [0x00000000df400000,0x00000000df400000,0x00000000dfc00000)
  to   space 13312K, 0% used [0x00000000e1100000,0x00000000e1100000,0x00000000e1e00000)
 ParOldGen       total 51712K, used 20067K [0x0000000087000000, 0x000000008a280000, 0x00000000d7b00000)
  object space 51712K, 38% used [0x0000000087000000,0x0000000088398f58,0x000000008a280000)
 Metaspace       used 35579K, capacity 37078K, committed 37336K, reserved 1081344K
  class space    used 4560K, capacity 4850K, committed 4864K, reserved 1048576K
Event: 10.097 GC heap after
Heap after GC invocations=12 (full 2):
 PSYoungGen      total 137216K, used 4214K [0x00000000d7b00000, 0x00000000e1e00000, 0x0000000100000000)
  eden space 123904K, 0% used [0x00000000d7b00000,0x00000000d7b00000,0x00000000df400000)
  from space 13312K, 31% used [0x00000000e1100000,0x00000000e151da18,0x00000000e1e00000)
  to   space 8192K, 0% used [0x00000000df400000,0x00000000df400000,0x00000000dfc00000)
 ParOldGen       total 51712K, used 20075K [0x0000000087000000, 0x000000008a280000, 0x00000000d7b00000)
  object space 51712K, 38% used [0x0000000087000000,0x000000008839af58,0x000000008a280000)
 Metaspace       used 35579K, capacity 37078K, committed 37336K, reserved 1081344K
  class space    used 4560K, capacity 4850K, committed 4864K, reserved 1048576K
}

